2017-01-09 14:24:58,614 [7] LAMP.Utility.LogUtil.Error(e:\Working Folder\LAMP\Source\LAMP.Utility\LogManager.cs:119) - Object reference not set to an instance of an object.
----------
System.NullReferenceException: Object reference not set to an instance of an object.
   at LAMP.Service.UserService.GetSettingForUser(Int64 userId) in e:\Working Folder\LAMP\Source\LAMP.Service\API\Concrete\UserService.cs:line 522
   at LAMP.Service.UserService.GetUserSetting(GetUserSettingRequest request) in e:\Working Folder\LAMP\Source\LAMP.Service\API\Concrete\UserService.cs:line 455
----------


2017-01-10 19:11:25,849 [7] LAMP.Utility.LogUtil.Error(e:\Working Folder\LAMP\Source\LAMP.Utility\LogManager.cs:119) - The relative virtual path '../LAMP.Utility/Resources/EmailTemplates/ForgotPassword.html' is not allowed here.
----------
System.ArgumentException: The relative virtual path '../LAMP.Utility/Resources/EmailTemplates/ForgotPassword.html' is not allowed here.
   at System.Web.VirtualPath.FailIfRelativePath()
   at System.Web.Hosting.HostingEnvironment.MapPathActual(VirtualPath virtualPath, Boolean permitNull)
   at System.Web.Hosting.HostingEnvironment.MapPathInternal(VirtualPath virtualPath)
   at System.Web.Hosting.HostingEnvironment.MapPath(VirtualPath virtualPath)
   at System.Web.Hosting.HostingEnvironment.MapPath(String virtualPath)
   at LAMP.Utility.Helper.SendEmail(EmailData Edata) in e:\Working Folder\LAMP\Source\LAMP.Utility\Helper.cs:line 197
   at LAMP.Service.UserService.SendPasswordOnEmail(ForgotPasswordRequest request) in e:\Working Folder\LAMP\Source\LAMP.Service\API\Concrete\UserService.cs:line 131
----------


2017-01-11 13:06:15,364 [5] LAMP.Utility.LogUtil.Error(e:\Working Folder\LAMP\Source\LAMP.Utility\LogManager.cs:119) - The relative virtual path '../LAMP.Utility/Resources/EmailTemplates/ForgotPassword.html' is not allowed here.
----------
System.ArgumentException: The relative virtual path '../LAMP.Utility/Resources/EmailTemplates/ForgotPassword.html' is not allowed here.
   at System.Web.VirtualPath.FailIfRelativePath()
   at System.Web.Hosting.HostingEnvironment.MapPathActual(VirtualPath virtualPath, Boolean permitNull)
   at System.Web.Hosting.HostingEnvironment.MapPathInternal(VirtualPath virtualPath)
   at System.Web.Hosting.HostingEnvironment.MapPath(VirtualPath virtualPath)
   at System.Web.Hosting.HostingEnvironment.MapPath(String virtualPath)
   at LAMP.Utility.Helper.SendEmail(EmailData Edata) in e:\Working Folder\LAMP\Source\LAMP.Utility\Helper.cs:line 197
   at LAMP.Service.UserService.SendPasswordOnEmail(ForgotPasswordRequest request) in e:\Working Folder\LAMP\Source\LAMP.Service\API\Concrete\UserService.cs:line 131
----------


2017-01-20 14:35:31,753 [10] LAMP.Utility.LogUtil.Error(e:\Working Folder\LAMP\Source\LAMP.Utility\LogManager.cs:119) - Nullable object must have a value.
----------
System.InvalidOperationException: Nullable object must have a value.
   at System.ThrowHelper.ThrowInvalidOperationException(ExceptionResource resource)
   at System.Nullable`1.get_Value()
   at LAMP.Service.UserService.GetSettingForUser(Int64 userId) in e:\Working Folder\LAMP\Source\LAMP.Service\API\Concrete\UserService.cs:line 458
   at LAMP.Service.UserService.SaveDefaultUserSetting(Int64 userId) in e:\Working Folder\LAMP\Source\LAMP.Service\API\Concrete\UserService.cs:line 424
   at LAMP.Service.UserService.UserSignUp(UserSignUpRequest request) in e:\Working Folder\LAMP\Source\LAMP.Service\API\Concrete\UserService.cs:line 195
----------


2017-01-20 14:40:39,602 [10] LAMP.Utility.LogUtil.Error(e:\Working Folder\LAMP\Source\LAMP.Utility\LogManager.cs:119) - Nullable object must have a value.
----------
System.InvalidOperationException: Nullable object must have a value.
   at System.ThrowHelper.ThrowInvalidOperationException(ExceptionResource resource)
   at System.Nullable`1.get_Value()
   at LAMP.Service.UserService.GetSettingForUser(Int64 userId) in e:\Working Folder\LAMP\Source\LAMP.Service\API\Concrete\UserService.cs:line 458
   at LAMP.Service.UserService.SaveDefaultUserSetting(Int64 userId) in e:\Working Folder\LAMP\Source\LAMP.Service\API\Concrete\UserService.cs:line 424
   at LAMP.Service.UserService.UserSignUp(UserSignUpRequest request) in e:\Working Folder\LAMP\Source\LAMP.Service\API\Concrete\UserService.cs:line 195
----------


2017-01-23 09:12:49,771 [8] LAMP.Utility.LogUtil.Error(e:\Working Folder\LAMP\Source\LAMP.Utility\LogManager.cs:106) - UserService/SendPasswordOnEmail: Invalid input data.

2017-01-23 09:13:54,074 [11] LAMP.Utility.LogUtil.Error(e:\Working Folder\LAMP\Source\LAMP.Utility\LogManager.cs:119) - Could not find a part of the path 'E:\Working Folder\LAMP\Source\LAMP.API\~\Resources\EmailTemplates\ForgotPassword.html'.
----------
System.IO.DirectoryNotFoundException: Could not find a part of the path 'E:\Working Folder\LAMP\Source\LAMP.API\~\Resources\EmailTemplates\ForgotPassword.html'.
   at System.IO.__Error.WinIOError(Int32 errorCode, String maybeFullPath)
   at System.IO.FileStream.Init(String path, FileMode mode, FileAccess access, Int32 rights, Boolean useRights, FileShare share, Int32 bufferSize, FileOptions options, SECURITY_ATTRIBUTES secAttrs, String msgPath, Boolean bFromProxy, Boolean useLongPath, Boolean checkHost)
   at System.IO.FileStream..ctor(String path, FileMode mode, FileAccess access, FileShare share, Int32 bufferSize, FileOptions options, String msgPath, Boolean bFromProxy, Boolean useLongPath, Boolean checkHost)
   at System.IO.StreamReader..ctor(String path, Encoding encoding, Boolean detectEncodingFromByteOrderMarks, Int32 bufferSize, Boolean checkHost)
   at System.IO.StreamReader..ctor(String path)
   at LAMP.Utility.Helper.SendEmail(EmailData Edata) in e:\Working Folder\LAMP\Source\LAMP.Utility\Helper.cs:line 220
   at LAMP.Service.UserService.SendPasswordOnEmail(ForgotPasswordRequest request) in e:\Working Folder\LAMP\Source\LAMP.Service\API\Concrete\UserService.cs:line 132
----------


2017-01-23 10:46:44,182 [7] LAMP.Utility.LogUtil.Error(e:\Working Folder\LAMP\Source\LAMP.Utility\LogManager.cs:106) - SignIn : Ammu@gmail.com In time: 01-23-2017 05:16:44

2017-01-23 10:46:44,669 [7] LAMP.Utility.LogUtil.Error(e:\Working Folder\LAMP\Source\LAMP.Utility\LogManager.cs:106) - SignIn : Ammu@gmail.com Out time: 01-23-2017 05:16:44

2017-02-10 14:10:33,825 [6] LAMP.Utility.LogUtil.Error(e:\Working Folder\LAMP\Source\LAMP.Utility\LogManager.cs:120) - Value cannot be null.
Parameter name: value
----------
System.ArgumentNullException: Value cannot be null.
Parameter name: value
   at System.Security.Claims.Claim..ctor(String type, String value, String valueType, String issuer, String originalIssuer, ClaimsIdentity subject, String propertyKey, String propertyValue)
   at System.Security.Claims.Claim..ctor(String type, String value)
   at LAMP.API.Authentication.SignIn(UserAuthenticateRequest user, OAuthAuthorizationServerOptions options, IAuthenticationManager authManager) in e:\Working Folder\LAMP\Source\LAMP.API\Authentication\Authentication.cs:line 44
   at LAMP.API.Authentication.CreateSessionTokenObject(Int64 userId, String email, String studyId) in e:\Working Folder\LAMP\Source\LAMP.API\Authentication\Authentication.cs:line 86
----------


2017-02-10 14:13:01,808 [12] LAMP.Utility.LogUtil.Error(e:\Working Folder\LAMP\Source\LAMP.Utility\LogManager.cs:120) - Value cannot be null.
Parameter name: value
----------
System.ArgumentNullException: Value cannot be null.
Parameter name: value
   at System.Security.Claims.Claim..ctor(String type, String value, String valueType, String issuer, String originalIssuer, ClaimsIdentity subject, String propertyKey, String propertyValue)
   at System.Security.Claims.Claim..ctor(String type, String value)
   at LAMP.API.Authentication.SignIn(UserAuthenticateRequest user, OAuthAuthorizationServerOptions options, IAuthenticationManager authManager) in e:\Working Folder\LAMP\Source\LAMP.API\Authentication\Authentication.cs:line 44
   at LAMP.API.Authentication.CreateSessionTokenObject(Int64 userId, String email, String studyId) in e:\Working Folder\LAMP\Source\LAMP.API\Authentication\Authentication.cs:line 86
----------


2017-02-10 14:42:34,132 [9] LAMP.Utility.LogUtil.Error(e:\Working Folder\LAMP\Source\LAMP.Utility\LogManager.cs:107) - SignIn : sam@lamp.com In time: 02-10-2017 09:12:34

2017-02-10 14:44:35,878 [7] LAMP.Utility.LogUtil.Error(e:\Working Folder\LAMP\Source\LAMP.Utility\LogManager.cs:120) - An error occurred while updating the entries. See the inner exception for details.
----------
System.Data.Entity.Infrastructure.DbUpdateException: An error occurred while updating the entries. See the inner exception for details. ---> System.Data.Entity.Core.UpdateException: An error occurred while updating the entries. See the inner exception for details. ---> System.Data.SqlClient.SqlException: Violation of UNIQUE KEY constraint 'UQ_Users_StudyId'. Cannot insert duplicate key in object 'dbo.Users'.
The statement has been terminated.
   at System.Data.SqlClient.SqlConnection.OnError(SqlException exception, Boolean breakConnection, Action`1 wrapCloseInAction)
   at System.Data.SqlClient.SqlInternalConnection.OnError(SqlException exception, Boolean breakConnection, Action`1 wrapCloseInAction)
   at System.Data.SqlClient.TdsParser.ThrowExceptionAndWarning(TdsParserStateObject stateObj, Boolean callerHasConnectionLock, Boolean asyncClose)
   at System.Data.SqlClient.TdsParser.TryRun(RunBehavior runBehavior, SqlCommand cmdHandler, SqlDataReader dataStream, BulkCopySimpleResultSet bulkCopyHandler, TdsParserStateObject stateObj, Boolean& dataReady)
   at System.Data.SqlClient.SqlDataReader.TryConsumeMetaData()
   at System.Data.SqlClient.SqlDataReader.get_MetaData()
   at System.Data.SqlClient.SqlCommand.FinishExecuteReader(SqlDataReader ds, RunBehavior runBehavior, String resetOptionsString)
   at System.Data.SqlClient.SqlCommand.RunExecuteReaderTds(CommandBehavior cmdBehavior, RunBehavior runBehavior, Boolean returnStream, Boolean async, Int32 timeout, Task& task, Boolean asyncWrite, SqlDataReader ds)
   at System.Data.SqlClient.SqlCommand.RunExecuteReader(CommandBehavior cmdBehavior, RunBehavior runBehavior, Boolean returnStream, String method, TaskCompletionSource`1 completion, Int32 timeout, Task& task, Boolean asyncWrite)
   at System.Data.SqlClient.SqlCommand.RunExecuteReader(CommandBehavior cmdBehavior, RunBehavior runBehavior, Boolean returnStream, String method)
   at System.Data.SqlClient.SqlCommand.ExecuteReader(CommandBehavior behavior, String method)
   at System.Data.SqlClient.SqlCommand.ExecuteDbDataReader(CommandBehavior behavior)
   at System.Data.Common.DbCommand.ExecuteReader(CommandBehavior behavior)
   at System.Data.Entity.Infrastructure.Interception.DbCommandDispatcher.<Reader>b__c(DbCommand t, DbCommandInterceptionContext`1 c)
   at System.Data.Entity.Infrastructure.Interception.InternalDispatcher`1.Dispatch[TTarget,TInterceptionContext,TResult](TTarget target, Func`3 operation, TInterceptionContext interceptionContext, Action`3 executing, Action`3 executed)
   at System.Data.Entity.Infrastructure.Interception.DbCommandDispatcher.Reader(DbCommand command, DbCommandInterceptionContext interceptionContext)
   at System.Data.Entity.Internal.InterceptableDbCommand.ExecuteDbDataReader(CommandBehavior behavior)
   at System.Data.Common.DbCommand.ExecuteReader(CommandBehavior behavior)
   at System.Data.Entity.Core.Mapping.Update.Internal.DynamicUpdateCommand.Execute(Dictionary`2 identifierValues, List`1 generatedValues)
   at System.Data.Entity.Core.Mapping.Update.Internal.UpdateTranslator.Update()
   --- End of inner exception stack trace ---
   at System.Data.Entity.Core.Mapping.Update.Internal.UpdateTranslator.Update()
   at System.Data.Entity.Core.EntityClient.Internal.EntityAdapter.<Update>b__2(UpdateTranslator ut)
   at System.Data.Entity.Core.EntityClient.Internal.EntityAdapter.Update[T](T noChangesResult, Func`2 updateFunction)
   at System.Data.Entity.Core.EntityClient.Internal.EntityAdapter.Update()
   at System.Data.Entity.Core.Objects.ObjectContext.<SaveChangesToStore>b__35()
   at System.Data.Entity.Core.Objects.ObjectContext.ExecuteInTransaction[T](Func`1 func, IDbExecutionStrategy executionStrategy, Boolean startLocalTransaction, Boolean releaseConnectionOnSuccess)
   at System.Data.Entity.Core.Objects.ObjectContext.SaveChangesToStore(SaveOptions options, IDbExecutionStrategy executionStrategy, Boolean startLocalTransaction)
   at System.Data.Entity.Core.Objects.ObjectContext.<>c__DisplayClass2a.<SaveChangesInternal>b__27()
   at System.Data.Entity.SqlServer.DefaultSqlExecutionStrategy.Execute[TResult](Func`1 operation)
   at System.Data.Entity.Core.Objects.ObjectContext.SaveChangesInternal(SaveOptions options, Boolean executeInExistingTransaction)
   at System.Data.Entity.Core.Objects.ObjectContext.SaveChanges(SaveOptions options)
   at System.Data.Entity.Internal.InternalContext.SaveChanges()
   --- End of inner exception stack trace ---
   at System.Data.Entity.Internal.InternalContext.SaveChanges()
   at System.Data.Entity.Internal.LazyInternalContext.SaveChanges()
   at System.Data.Entity.DbContext.SaveChanges()
   at LAMP.DataAccess.UnitOfWork.Commit() in e:\Working Folder\LAMP\Source\LAMP.DataAccess\Concrete\UnitOfWork.cs:line 148
   at LAMP.Service.UserService.UserSignIn(UserSignInRequest request) in e:\Working Folder\LAMP\Source\LAMP.Service\API\Concrete\UserService.cs:line 88
----------


2017-02-10 14:44:41,150 [7] LAMP.Utility.LogUtil.Error(e:\Working Folder\LAMP\Source\LAMP.Utility\LogManager.cs:107) - SignIn : sam@lamp.com Out time: 02-10-2017 09:14:41

2017-02-10 14:44:49,030 [10] LAMP.Utility.LogUtil.Error(e:\Working Folder\LAMP\Source\LAMP.Utility\LogManager.cs:107) - SignIn : sam@lamp.com In time: 02-10-2017 09:14:49

2017-02-10 14:55:48,287 [7] LAMP.Utility.LogUtil.Error(e:\Working Folder\LAMP\Source\LAMP.Utility\LogManager.cs:107) - SignIn : sam@lamp.com In time: 02-10-2017 09:25:48

2017-02-10 14:56:07,137 [9] LAMP.Utility.LogUtil.Error(e:\Working Folder\LAMP\Source\LAMP.Utility\LogManager.cs:107) - SignIn : sam@lamp.com Out time: 02-10-2017 09:26:07

2017-02-22 15:01:34,687 [6] LAMP.Utility.LogUtil.Debug(e:\Working Folder\LAMP\Source\LAMP.Utility\LogManager.cs:68) - SignIn : anna@gmail.com In time: 02-22-2017 09:31:34

2017-02-22 15:02:03,702 [9] LAMP.Utility.LogUtil.Error(e:\Working Folder\LAMP\Source\LAMP.Utility\LogManager.cs:120) - Object reference not set to an instance of an object.
----------
System.NullReferenceException: Object reference not set to an instance of an object.
   at LAMP.Service.UserService.UserSignIn(UserSignInRequest request) in e:\Working Folder\LAMP\Source\LAMP.Service\API\Concrete\UserService.cs:line 56
----------


2017-02-22 15:02:16,991 [9] LAMP.Utility.LogUtil.Debug(e:\Working Folder\LAMP\Source\LAMP.Utility\LogManager.cs:68) - SignIn : anna@gmail.com Out time: 02-22-2017 09:32:16

2017-02-22 15:02:24,234 [7] LAMP.Utility.LogUtil.Debug(e:\Working Folder\LAMP\Source\LAMP.Utility\LogManager.cs:68) - SignIn : anna@gmail.com In time: 02-22-2017 09:32:24

2017-02-22 15:04:22,633 [7] LAMP.Utility.LogUtil.Debug(e:\Working Folder\LAMP\Source\LAMP.Utility\LogManager.cs:68) - SignIn : anna@gmail.com In time: 02-22-2017 09:34:22

2017-02-22 15:04:44,341 [6] LAMP.Utility.LogUtil.Debug(e:\Working Folder\LAMP\Source\LAMP.Utility\LogManager.cs:68) - SignIn : anna@gmail.com Out time: 02-22-2017 09:34:44

2017-02-22 15:04:49,443 [10] LAMP.Utility.LogUtil.Debug(e:\Working Folder\LAMP\Source\LAMP.Utility\LogManager.cs:68) - SignIn : anna@gmail.com In time: 02-22-2017 09:34:49

2017-02-22 15:05:02,688 [6] LAMP.Utility.LogUtil.Debug(e:\Working Folder\LAMP\Source\LAMP.Utility\LogManager.cs:68) - SignIn : anna@gmail.com Out time: 02-22-2017 09:35:02

2017-02-22 15:05:05,944 [8] LAMP.Utility.LogUtil.Debug(e:\Working Folder\LAMP\Source\LAMP.Utility\LogManager.cs:68) - SignIn : anna@gmail.com In time: 02-22-2017 09:35:05

2017-02-22 15:05:14,025 [10] LAMP.Utility.LogUtil.Debug(e:\Working Folder\LAMP\Source\LAMP.Utility\LogManager.cs:68) - SignIn : anna@gmail.com Out time: 02-22-2017 09:35:14

2017-02-22 15:06:33,648 [6] LAMP.Utility.LogUtil.Debug(e:\Working Folder\LAMP\Source\LAMP.Utility\LogManager.cs:68) - SignIn : anna@gmail.com In time: 02-22-2017 09:36:33

2017-02-22 15:07:04,282 [5] LAMP.Utility.LogUtil.Debug(e:\Working Folder\LAMP\Source\LAMP.Utility\LogManager.cs:68) - SignIn : anna@gmail.com Out time: 02-22-2017 09:37:04

2017-02-22 15:07:13,656 [6] LAMP.Utility.LogUtil.Debug(e:\Working Folder\LAMP\Source\LAMP.Utility\LogManager.cs:68) - SignIn : anna@gmail.com In time: 02-22-2017 09:37:13

2017-02-22 15:07:20,739 [6] LAMP.Utility.LogUtil.Error(e:\Working Folder\LAMP\Source\LAMP.Utility\LogManager.cs:120) - Object reference not set to an instance of an object.
----------
System.NullReferenceException: Object reference not set to an instance of an object.
   at LAMP.Service.UserService.UserSignIn(UserSignInRequest request) in e:\Working Folder\LAMP\Source\LAMP.Service\API\Concrete\UserService.cs:line 78
----------


2017-02-22 15:07:20,740 [5] LAMP.Utility.LogUtil.Debug(e:\Working Folder\LAMP\Source\LAMP.Utility\LogManager.cs:68) - SignIn : anna@gmail.com Out time: 02-22-2017 09:37:20

2017-02-22 15:07:27,495 [5] LAMP.Utility.LogUtil.Debug(e:\Working Folder\LAMP\Source\LAMP.Utility\LogManager.cs:68) - SignIn : anna@gmail.com In time: 02-22-2017 09:37:27

2017-02-22 15:08:03,008 [5] LAMP.Utility.LogUtil.Error(e:\Working Folder\LAMP\Source\LAMP.Utility\LogManager.cs:120) - Object reference not set to an instance of an object.
----------
System.NullReferenceException: Object reference not set to an instance of an object.
   at LAMP.Service.UserService.UserSignIn(UserSignInRequest request) in e:\Working Folder\LAMP\Source\LAMP.Service\API\Concrete\UserService.cs:line 78
----------


2017-02-22 15:08:03,009 [9] LAMP.Utility.LogUtil.Debug(e:\Working Folder\LAMP\Source\LAMP.Utility\LogManager.cs:68) - SignIn : anna@gmail.com Out time: 02-22-2017 09:38:03

2017-02-22 15:08:06,413 [9] LAMP.Utility.LogUtil.Debug(e:\Working Folder\LAMP\Source\LAMP.Utility\LogManager.cs:68) - SignIn : anna@gmail.com In time: 02-22-2017 09:38:06

2017-02-22 15:11:57,426 [6] LAMP.Utility.LogUtil.Debug(e:\Working Folder\LAMP\Source\LAMP.Utility\LogManager.cs:68) - SignIn : anna@gmail.com In time: 02-22-2017 09:41:57

2017-02-22 15:12:09,025 [7] LAMP.Utility.LogUtil.Error(e:\Working Folder\LAMP\Source\LAMP.Utility\LogManager.cs:120) - Object reference not set to an instance of an object.
----------
System.NullReferenceException: Object reference not set to an instance of an object.
   at LAMP.Service.UserService.UserSignIn(UserSignInRequest request) in e:\Working Folder\LAMP\Source\LAMP.Service\API\Concrete\UserService.cs:line 78
----------


2017-02-22 15:12:09,029 [7] LAMP.Utility.LogUtil.Debug(e:\Working Folder\LAMP\Source\LAMP.Utility\LogManager.cs:68) - SignIn : anna@gmail.com Out time: 02-22-2017 09:42:09

2017-02-22 15:12:20,120 [9] LAMP.Utility.LogUtil.Debug(e:\Working Folder\LAMP\Source\LAMP.Utility\LogManager.cs:68) - SignIn : anishvs@hq.microobjects.net In time: 02-22-2017 09:42:20

2017-02-22 15:12:23,971 [9] LAMP.Utility.LogUtil.Debug(e:\Working Folder\LAMP\Source\LAMP.Utility\LogManager.cs:68) - SignIn : anishvs@hq.microobjects.net Out time: 02-22-2017 09:42:23

2017-02-22 15:12:34,615 [9] LAMP.Utility.LogUtil.Debug(e:\Working Folder\LAMP\Source\LAMP.Utility\LogManager.cs:68) - SignIn : anishvs@hq.microobjects.net In time: 02-22-2017 09:42:34

2017-02-22 15:12:41,743 [7] LAMP.Utility.LogUtil.Debug(e:\Working Folder\LAMP\Source\LAMP.Utility\LogManager.cs:68) - SignIn : anishvs@hq.microobjects.net Out time: 02-22-2017 09:42:41

2017-02-22 15:13:15,083 [9] LAMP.Utility.LogUtil.Debug(e:\Working Folder\LAMP\Source\LAMP.Utility\LogManager.cs:68) - SignIn : anna@gmail.com In time: 02-22-2017 09:43:15

2017-02-22 15:13:34,517 [9] LAMP.Utility.LogUtil.Error(e:\Working Folder\LAMP\Source\LAMP.Utility\LogManager.cs:120) - Store update, insert, or delete statement affected an unexpected number of rows (0). Entities may have been modified or deleted since entities were loaded. See http://go.microsoft.com/fwlink/?LinkId=472540 for information on understanding and handling optimistic concurrency exceptions.
----------
System.Data.Entity.Infrastructure.DbUpdateConcurrencyException: Store update, insert, or delete statement affected an unexpected number of rows (0). Entities may have been modified or deleted since entities were loaded. See http://go.microsoft.com/fwlink/?LinkId=472540 for information on understanding and handling optimistic concurrency exceptions. ---> System.Data.Entity.Core.OptimisticConcurrencyException: Store update, insert, or delete statement affected an unexpected number of rows (0). Entities may have been modified or deleted since entities were loaded. See http://go.microsoft.com/fwlink/?LinkId=472540 for information on understanding and handling optimistic concurrency exceptions.
   at System.Data.Entity.Core.Mapping.Update.Internal.UpdateTranslator.ValidateRowsAffected(Int64 rowsAffected, UpdateCommand source)
   at System.Data.Entity.Core.Mapping.Update.Internal.UpdateTranslator.Update()
   at System.Data.Entity.Core.EntityClient.Internal.EntityAdapter.<Update>b__2(UpdateTranslator ut)
   at System.Data.Entity.Core.EntityClient.Internal.EntityAdapter.Update[T](T noChangesResult, Func`2 updateFunction)
   at System.Data.Entity.Core.EntityClient.Internal.EntityAdapter.Update()
   at System.Data.Entity.Core.Objects.ObjectContext.<SaveChangesToStore>b__35()
   at System.Data.Entity.Core.Objects.ObjectContext.ExecuteInTransaction[T](Func`1 func, IDbExecutionStrategy executionStrategy, Boolean startLocalTransaction, Boolean releaseConnectionOnSuccess)
   at System.Data.Entity.Core.Objects.ObjectContext.SaveChangesToStore(SaveOptions options, IDbExecutionStrategy executionStrategy, Boolean startLocalTransaction)
   at System.Data.Entity.Core.Objects.ObjectContext.<>c__DisplayClass2a.<SaveChangesInternal>b__27()
   at System.Data.Entity.SqlServer.DefaultSqlExecutionStrategy.Execute[TResult](Func`1 operation)
   at System.Data.Entity.Core.Objects.ObjectContext.SaveChangesInternal(SaveOptions options, Boolean executeInExistingTransaction)
   at System.Data.Entity.Core.Objects.ObjectContext.SaveChanges(SaveOptions options)
   at System.Data.Entity.Internal.InternalContext.SaveChanges()
   --- End of inner exception stack trace ---
   at System.Data.Entity.Internal.InternalContext.SaveChanges()
   at System.Data.Entity.Internal.LazyInternalContext.SaveChanges()
   at System.Data.Entity.DbContext.SaveChanges()
   at LAMP.DataAccess.UnitOfWork.Commit() in e:\Working Folder\LAMP\Source\LAMP.DataAccess\Concrete\UnitOfWork.cs:line 148
   at LAMP.Service.UserService.UserSignIn(UserSignInRequest request) in e:\Working Folder\LAMP\Source\LAMP.Service\API\Concrete\UserService.cs:line 98
----------


2017-02-22 15:14:18,248 [9] LAMP.Utility.LogUtil.Debug(e:\Working Folder\LAMP\Source\LAMP.Utility\LogManager.cs:68) - SignIn : anna@gmail.com Out time: 02-22-2017 09:44:18

2017-02-22 15:14:28,720 [11] LAMP.Utility.LogUtil.Debug(e:\Working Folder\LAMP\Source\LAMP.Utility\LogManager.cs:68) - SignIn : anna@gmail.com In time: 02-22-2017 09:44:28

2017-02-22 15:17:55,253 [6] LAMP.Utility.LogUtil.Debug(e:\Working Folder\LAMP\Source\LAMP.Utility\LogManager.cs:68) - SignIn : anna@gmail.com In time: 02-22-2017 09:47:55

2017-02-22 15:18:16,383 [5] LAMP.Utility.LogUtil.Error(e:\Working Folder\LAMP\Source\LAMP.Utility\LogManager.cs:120) - Store update, insert, or delete statement affected an unexpected number of rows (0). Entities may have been modified or deleted since entities were loaded. See http://go.microsoft.com/fwlink/?LinkId=472540 for information on understanding and handling optimistic concurrency exceptions.
----------
System.Data.Entity.Infrastructure.DbUpdateConcurrencyException: Store update, insert, or delete statement affected an unexpected number of rows (0). Entities may have been modified or deleted since entities were loaded. See http://go.microsoft.com/fwlink/?LinkId=472540 for information on understanding and handling optimistic concurrency exceptions. ---> System.Data.Entity.Core.OptimisticConcurrencyException: Store update, insert, or delete statement affected an unexpected number of rows (0). Entities may have been modified or deleted since entities were loaded. See http://go.microsoft.com/fwlink/?LinkId=472540 for information on understanding and handling optimistic concurrency exceptions.
   at System.Data.Entity.Core.Mapping.Update.Internal.UpdateTranslator.ValidateRowsAffected(Int64 rowsAffected, UpdateCommand source)
   at System.Data.Entity.Core.Mapping.Update.Internal.UpdateTranslator.Update()
   at System.Data.Entity.Core.EntityClient.Internal.EntityAdapter.<Update>b__2(UpdateTranslator ut)
   at System.Data.Entity.Core.EntityClient.Internal.EntityAdapter.Update[T](T noChangesResult, Func`2 updateFunction)
   at System.Data.Entity.Core.EntityClient.Internal.EntityAdapter.Update()
   at System.Data.Entity.Core.Objects.ObjectContext.<SaveChangesToStore>b__35()
   at System.Data.Entity.Core.Objects.ObjectContext.ExecuteInTransaction[T](Func`1 func, IDbExecutionStrategy executionStrategy, Boolean startLocalTransaction, Boolean releaseConnectionOnSuccess)
   at System.Data.Entity.Core.Objects.ObjectContext.SaveChangesToStore(SaveOptions options, IDbExecutionStrategy executionStrategy, Boolean startLocalTransaction)
   at System.Data.Entity.Core.Objects.ObjectContext.<>c__DisplayClass2a.<SaveChangesInternal>b__27()
   at System.Data.Entity.SqlServer.DefaultSqlExecutionStrategy.Execute[TResult](Func`1 operation)
   at System.Data.Entity.Core.Objects.ObjectContext.SaveChangesInternal(SaveOptions options, Boolean executeInExistingTransaction)
   at System.Data.Entity.Core.Objects.ObjectContext.SaveChanges(SaveOptions options)
   at System.Data.Entity.Internal.InternalContext.SaveChanges()
   --- End of inner exception stack trace ---
   at System.Data.Entity.Internal.InternalContext.SaveChanges()
   at System.Data.Entity.Internal.LazyInternalContext.SaveChanges()
   at System.Data.Entity.DbContext.SaveChanges()
   at LAMP.DataAccess.UnitOfWork.Commit() in e:\Working Folder\LAMP\Source\LAMP.DataAccess\Concrete\UnitOfWork.cs:line 148
   at LAMP.Service.UserService.UserSignIn(UserSignInRequest request) in e:\Working Folder\LAMP\Source\LAMP.Service\API\Concrete\UserService.cs:line 98
----------


2017-02-22 15:18:16,388 [6] LAMP.Utility.LogUtil.Debug(e:\Working Folder\LAMP\Source\LAMP.Utility\LogManager.cs:68) - SignIn : anna@gmail.com Out time: 02-22-2017 09:48:16

2017-02-22 15:18:51,143 [6] LAMP.Utility.LogUtil.Debug(e:\Working Folder\LAMP\Source\LAMP.Utility\LogManager.cs:68) - SignIn : anna@gmail.com In time: 02-22-2017 09:48:51

2017-02-22 15:19:05,841 [6] LAMP.Utility.LogUtil.Debug(e:\Working Folder\LAMP\Source\LAMP.Utility\LogManager.cs:68) - SignIn : anna@gmail.com Out time: 02-22-2017 09:49:05

2017-02-22 15:19:19,776 [9] LAMP.Utility.LogUtil.Debug(e:\Working Folder\LAMP\Source\LAMP.Utility\LogManager.cs:68) - SignIn : anna@gmail.com In time: 02-22-2017 09:49:19

2017-02-22 15:19:34,356 [9] LAMP.Utility.LogUtil.Debug(e:\Working Folder\LAMP\Source\LAMP.Utility\LogManager.cs:68) - SignIn : anna@gmail.com Out time: 02-22-2017 09:49:34

2017-02-22 15:24:51,957 [15] LAMP.Utility.LogUtil.Debug(e:\Working Folder\LAMP\Source\LAMP.Utility\LogManager.cs:68) - SignIn : anna@gmail.com In time: 02-22-2017 09:54:51

2017-02-22 15:25:12,632 [16] LAMP.Utility.LogUtil.Debug(e:\Working Folder\LAMP\Source\LAMP.Utility\LogManager.cs:68) - SignIn : anna@gmail.com Out time: 02-22-2017 09:55:12

2017-02-22 18:37:19,460 [9] LAMP.Utility.LogUtil.Debug(e:\Working Folder\LAMP\Source\LAMP.Utility\LogManager.cs:68) - SignIn : anish2setting@g.com In time: 02-22-2017 13:07:19

2017-02-22 18:38:21,120 [5] LAMP.Utility.LogUtil.Debug(e:\Working Folder\LAMP\Source\LAMP.Utility\LogManager.cs:68) - SignIn : anish2setting@g.com Out time: 02-22-2017 13:08:21

2017-02-22 18:38:54,961 [10] LAMP.Utility.LogUtil.Debug(e:\Working Folder\LAMP\Source\LAMP.Utility\LogManager.cs:68) - SignIn : anish2setting@g.com In time: 02-22-2017 13:08:54

2017-02-22 18:39:13,357 [6] LAMP.Utility.LogUtil.Debug(e:\Working Folder\LAMP\Source\LAMP.Utility\LogManager.cs:68) - SignIn : anish2setting@g.com Out time: 02-22-2017 13:09:13

2017-02-22 18:40:17,040 [7] LAMP.Utility.LogUtil.Debug(e:\Working Folder\LAMP\Source\LAMP.Utility\LogManager.cs:68) - SignIn : anish2setting@g.com In time: 02-22-2017 13:10:16

2017-02-22 18:41:47,950 [6] LAMP.Utility.LogUtil.Error(e:\Working Folder\LAMP\Source\LAMP.Utility\LogManager.cs:120) - Nullable object must have a value.
----------
System.InvalidOperationException: Nullable object must have a value.
   at System.ThrowHelper.ThrowInvalidOperationException(ExceptionResource resource)
   at System.Nullable`1.get_Value()
   at LAMP.Service.UserService.GetSettingForUser(Int64 userId) in e:\Working Folder\LAMP\Source\LAMP.Service\API\Concrete\UserService.cs:line 529
   at LAMP.Service.UserService.SaveDefaultUserSetting(Int64 userId) in e:\Working Folder\LAMP\Source\LAMP.Service\API\Concrete\UserService.cs:line 495
   at LAMP.Service.UserService.UserSignIn(UserSignInRequest request) in e:\Working Folder\LAMP\Source\LAMP.Service\API\Concrete\UserService.cs:line 79
----------


2017-02-22 18:41:47,955 [6] LAMP.Utility.LogUtil.Debug(e:\Working Folder\LAMP\Source\LAMP.Utility\LogManager.cs:68) - SignIn : anish2setting@g.com Out time: 02-22-2017 13:11:47

2017-02-22 18:48:58,068 [7] LAMP.Utility.LogUtil.Debug(e:\Working Folder\LAMP\Source\LAMP.Utility\LogManager.cs:68) - SignIn : anish2setting@g.com In time: 02-22-2017 13:18:58

2017-02-22 18:50:00,880 [6] LAMP.Utility.LogUtil.Debug(e:\Working Folder\LAMP\Source\LAMP.Utility\LogManager.cs:68) - SignIn : anish2setting@g.com In time: 02-22-2017 13:20:00

2017-02-22 18:50:20,787 [7] LAMP.Utility.LogUtil.Debug(e:\Working Folder\LAMP\Source\LAMP.Utility\LogManager.cs:68) - SignIn : anish2setting@g.com Out time: 02-22-2017 13:20:20

2017-04-19 11:57:08,182 [6] LAMP.Utility.LogUtil.Error(e:\Working Folder\LAMP\Source\LAMP.Utility\LogManager.cs:127) - LINQ to Entities does not recognize the method 'System.String DecryptStringWithKey(System.String)' method, and this method cannot be translated into a store expression.
----------
System.NotSupportedException: LINQ to Entities does not recognize the method 'System.String DecryptStringWithKey(System.String)' method, and this method cannot be translated into a store expression.
   at System.Data.Entity.Core.Objects.ELinq.ExpressionConverter.MethodCallTranslator.DefaultTranslator.Translate(ExpressionConverter parent, MethodCallExpression call)
   at System.Data.Entity.Core.Objects.ELinq.ExpressionConverter.MethodCallTranslator.TypedTranslate(ExpressionConverter parent, MethodCallExpression linq)
   at System.Data.Entity.Core.Objects.ELinq.ExpressionConverter.TypedTranslator`1.Translate(ExpressionConverter parent, Expression linq)
   at System.Data.Entity.Core.Objects.ELinq.ExpressionConverter.TranslateExpression(Expression linq)
   at System.Data.Entity.Core.Objects.ELinq.ExpressionConverter.MemberInitTranslator.TypedTranslate(ExpressionConverter parent, MemberInitExpression linq)
   at System.Data.Entity.Core.Objects.ELinq.ExpressionConverter.TypedTranslator`1.Translate(ExpressionConverter parent, Expression linq)
   at System.Data.Entity.Core.Objects.ELinq.ExpressionConverter.TranslateExpression(Expression linq)
   at System.Data.Entity.Core.Objects.ELinq.ExpressionConverter.TranslateLambda(LambdaExpression lambda, DbExpression input)
   at System.Data.Entity.Core.Objects.ELinq.ExpressionConverter.TranslateLambda(LambdaExpression lambda, DbExpression input, DbExpressionBinding& binding)
   at System.Data.Entity.Core.Objects.ELinq.ExpressionConverter.MethodCallTranslator.OneLambdaTranslator.Translate(ExpressionConverter parent, MethodCallExpression call, DbExpression& source, DbExpressionBinding& sourceBinding, DbExpression& lambda)
   at System.Data.Entity.Core.Objects.ELinq.ExpressionConverter.MethodCallTranslator.SelectTranslator.Translate(ExpressionConverter parent, MethodCallExpression call)
   at System.Data.Entity.Core.Objects.ELinq.ExpressionConverter.MethodCallTranslator.SequenceMethodTranslator.Translate(ExpressionConverter parent, MethodCallExpression call, SequenceMethod sequenceMethod)
   at System.Data.Entity.Core.Objects.ELinq.ExpressionConverter.MethodCallTranslator.TypedTranslate(ExpressionConverter parent, MethodCallExpression linq)
   at System.Data.Entity.Core.Objects.ELinq.ExpressionConverter.TypedTranslator`1.Translate(ExpressionConverter parent, Expression linq)
   at System.Data.Entity.Core.Objects.ELinq.ExpressionConverter.TranslateExpression(Expression linq)
   at System.Data.Entity.Core.Objects.ELinq.ExpressionConverter.Convert()
   at System.Data.Entity.Core.Objects.ELinq.ELinqQueryState.GetExecutionPlan(Nullable`1 forMergeOption)
   at System.Data.Entity.Core.Objects.ObjectQuery`1.<>c__DisplayClass7.<GetResults>b__6()
   at System.Data.Entity.Core.Objects.ObjectContext.ExecuteInTransaction[T](Func`1 func, IDbExecutionStrategy executionStrategy, Boolean startLocalTransaction, Boolean releaseConnectionOnSuccess)
   at System.Data.Entity.Core.Objects.ObjectQuery`1.<>c__DisplayClass7.<GetResults>b__5()
   at System.Data.Entity.SqlServer.DefaultSqlExecutionStrategy.Execute[TResult](Func`1 operation)
   at System.Data.Entity.Core.Objects.ObjectQuery`1.GetResults(Nullable`1 forMergeOption)
   at System.Data.Entity.Core.Objects.ObjectQuery`1.<System.Collections.Generic.IEnumerable<T>.GetEnumerator>b__0()
   at System.Data.Entity.Internal.LazyEnumerator`1.MoveNext()
   at System.Collections.Generic.List`1..ctor(IEnumerable`1 collection)
   at System.Linq.Enumerable.ToList[TSource](IEnumerable`1 source)
   at LAMP.Service.SurveyService.GetUserCompletedSurvey(CompletedSurveyRequest request) in e:\Working Folder\LAMP\Source\LAMP.Service\API\Concrete\SurveyService.cs:line 91
----------


2017-04-19 12:59:42,518 [6] LAMP.Utility.LogUtil.Error(e:\Working Folder\LAMP\Source\LAMP.Utility\LogManager.cs:127) - LINQ to Entities does not recognize the method 'System.String DecryptStringWithKey(System.String)' method, and this method cannot be translated into a store expression.
----------
System.NotSupportedException: LINQ to Entities does not recognize the method 'System.String DecryptStringWithKey(System.String)' method, and this method cannot be translated into a store expression.
   at System.Data.Entity.Core.Objects.ELinq.ExpressionConverter.MethodCallTranslator.DefaultTranslator.Translate(ExpressionConverter parent, MethodCallExpression call)
   at System.Data.Entity.Core.Objects.ELinq.ExpressionConverter.MethodCallTranslator.TypedTranslate(ExpressionConverter parent, MethodCallExpression linq)
   at System.Data.Entity.Core.Objects.ELinq.ExpressionConverter.TypedTranslator`1.Translate(ExpressionConverter parent, Expression linq)
   at System.Data.Entity.Core.Objects.ELinq.ExpressionConverter.TranslateExpression(Expression linq)
   at System.Data.Entity.Core.Objects.ELinq.ExpressionConverter.MemberInitTranslator.TypedTranslate(ExpressionConverter parent, MemberInitExpression linq)
   at System.Data.Entity.Core.Objects.ELinq.ExpressionConverter.TypedTranslator`1.Translate(ExpressionConverter parent, Expression linq)
   at System.Data.Entity.Core.Objects.ELinq.ExpressionConverter.TranslateExpression(Expression linq)
   at System.Data.Entity.Core.Objects.ELinq.ExpressionConverter.TranslateLambda(LambdaExpression lambda, DbExpression input)
   at System.Data.Entity.Core.Objects.ELinq.ExpressionConverter.TranslateLambda(LambdaExpression lambda, DbExpression input, DbExpressionBinding& binding)
   at System.Data.Entity.Core.Objects.ELinq.ExpressionConverter.MethodCallTranslator.OneLambdaTranslator.Translate(ExpressionConverter parent, MethodCallExpression call, DbExpression& source, DbExpressionBinding& sourceBinding, DbExpression& lambda)
   at System.Data.Entity.Core.Objects.ELinq.ExpressionConverter.MethodCallTranslator.SelectTranslator.Translate(ExpressionConverter parent, MethodCallExpression call)
   at System.Data.Entity.Core.Objects.ELinq.ExpressionConverter.MethodCallTranslator.SequenceMethodTranslator.Translate(ExpressionConverter parent, MethodCallExpression call, SequenceMethod sequenceMethod)
   at System.Data.Entity.Core.Objects.ELinq.ExpressionConverter.MethodCallTranslator.TypedTranslate(ExpressionConverter parent, MethodCallExpression linq)
   at System.Data.Entity.Core.Objects.ELinq.ExpressionConverter.TypedTranslator`1.Translate(ExpressionConverter parent, Expression linq)
   at System.Data.Entity.Core.Objects.ELinq.ExpressionConverter.TranslateExpression(Expression linq)
   at System.Data.Entity.Core.Objects.ELinq.ExpressionConverter.Convert()
   at System.Data.Entity.Core.Objects.ELinq.ELinqQueryState.GetExecutionPlan(Nullable`1 forMergeOption)
   at System.Data.Entity.Core.Objects.ObjectQuery`1.<>c__DisplayClass7.<GetResults>b__6()
   at System.Data.Entity.Core.Objects.ObjectContext.ExecuteInTransaction[T](Func`1 func, IDbExecutionStrategy executionStrategy, Boolean startLocalTransaction, Boolean releaseConnectionOnSuccess)
   at System.Data.Entity.Core.Objects.ObjectQuery`1.<>c__DisplayClass7.<GetResults>b__5()
   at System.Data.Entity.SqlServer.DefaultSqlExecutionStrategy.Execute[TResult](Func`1 operation)
   at System.Data.Entity.Core.Objects.ObjectQuery`1.GetResults(Nullable`1 forMergeOption)
   at System.Data.Entity.Core.Objects.ObjectQuery`1.<System.Collections.Generic.IEnumerable<T>.GetEnumerator>b__0()
   at System.Data.Entity.Internal.LazyEnumerator`1.MoveNext()
   at System.Collections.Generic.List`1..ctor(IEnumerable`1 collection)
   at System.Linq.Enumerable.ToList[TSource](IEnumerable`1 source)
   at LAMP.Service.SurveyService.GetUserCompletedSurvey(CompletedSurveyRequest request) in e:\Working Folder\LAMP\Source\LAMP.Service\API\Concrete\SurveyService.cs:line 100
----------


2017-04-19 13:02:22,998 [6] LAMP.Utility.LogUtil.Error(e:\Working Folder\LAMP\Source\LAMP.Utility\LogManager.cs:127) - LINQ to Entities does not recognize the method 'System.String DecryptStringWithKey(System.String)' method, and this method cannot be translated into a store expression.
----------
System.NotSupportedException: LINQ to Entities does not recognize the method 'System.String DecryptStringWithKey(System.String)' method, and this method cannot be translated into a store expression.
   at System.Data.Entity.Core.Objects.ELinq.ExpressionConverter.MethodCallTranslator.DefaultTranslator.Translate(ExpressionConverter parent, MethodCallExpression call)
   at System.Data.Entity.Core.Objects.ELinq.ExpressionConverter.MethodCallTranslator.TypedTranslate(ExpressionConverter parent, MethodCallExpression linq)
   at System.Data.Entity.Core.Objects.ELinq.ExpressionConverter.TypedTranslator`1.Translate(ExpressionConverter parent, Expression linq)
   at System.Data.Entity.Core.Objects.ELinq.ExpressionConverter.TranslateExpression(Expression linq)
   at System.Data.Entity.Core.Objects.ELinq.ExpressionConverter.MemberInitTranslator.TypedTranslate(ExpressionConverter parent, MemberInitExpression linq)
   at System.Data.Entity.Core.Objects.ELinq.ExpressionConverter.TypedTranslator`1.Translate(ExpressionConverter parent, Expression linq)
   at System.Data.Entity.Core.Objects.ELinq.ExpressionConverter.TranslateExpression(Expression linq)
   at System.Data.Entity.Core.Objects.ELinq.ExpressionConverter.TranslateLambda(LambdaExpression lambda, DbExpression input)
   at System.Data.Entity.Core.Objects.ELinq.ExpressionConverter.TranslateLambda(LambdaExpression lambda, DbExpression input, DbExpressionBinding& binding)
   at System.Data.Entity.Core.Objects.ELinq.ExpressionConverter.MethodCallTranslator.OneLambdaTranslator.Translate(ExpressionConverter parent, MethodCallExpression call, DbExpression& source, DbExpressionBinding& sourceBinding, DbExpression& lambda)
   at System.Data.Entity.Core.Objects.ELinq.ExpressionConverter.MethodCallTranslator.SelectTranslator.Translate(ExpressionConverter parent, MethodCallExpression call)
   at System.Data.Entity.Core.Objects.ELinq.ExpressionConverter.MethodCallTranslator.SequenceMethodTranslator.Translate(ExpressionConverter parent, MethodCallExpression call, SequenceMethod sequenceMethod)
   at System.Data.Entity.Core.Objects.ELinq.ExpressionConverter.MethodCallTranslator.TypedTranslate(ExpressionConverter parent, MethodCallExpression linq)
   at System.Data.Entity.Core.Objects.ELinq.ExpressionConverter.TypedTranslator`1.Translate(ExpressionConverter parent, Expression linq)
   at System.Data.Entity.Core.Objects.ELinq.ExpressionConverter.TranslateExpression(Expression linq)
   at System.Data.Entity.Core.Objects.ELinq.ExpressionConverter.MethodCallTranslator.AggregateTranslator.Translate(ExpressionConverter parent, MethodCallExpression call)
   at System.Data.Entity.Core.Objects.ELinq.ExpressionConverter.MethodCallTranslator.SequenceMethodTranslator.Translate(ExpressionConverter parent, MethodCallExpression call, SequenceMethod sequenceMethod)
   at System.Data.Entity.Core.Objects.ELinq.ExpressionConverter.MethodCallTranslator.TypedTranslate(ExpressionConverter parent, MethodCallExpression linq)
   at System.Data.Entity.Core.Objects.ELinq.ExpressionConverter.TypedTranslator`1.Translate(ExpressionConverter parent, Expression linq)
   at System.Data.Entity.Core.Objects.ELinq.ExpressionConverter.TranslateExpression(Expression linq)
   at System.Data.Entity.Core.Objects.ELinq.ExpressionConverter.Convert()
   at System.Data.Entity.Core.Objects.ELinq.ELinqQueryState.GetExecutionPlan(Nullable`1 forMergeOption)
   at System.Data.Entity.Core.Objects.ObjectQuery`1.<>c__DisplayClass7.<GetResults>b__6()
   at System.Data.Entity.Core.Objects.ObjectContext.ExecuteInTransaction[T](Func`1 func, IDbExecutionStrategy executionStrategy, Boolean startLocalTransaction, Boolean releaseConnectionOnSuccess)
   at System.Data.Entity.Core.Objects.ObjectQuery`1.<>c__DisplayClass7.<GetResults>b__5()
   at System.Data.Entity.SqlServer.DefaultSqlExecutionStrategy.Execute[TResult](Func`1 operation)
   at System.Data.Entity.Core.Objects.ObjectQuery`1.GetResults(Nullable`1 forMergeOption)
   at System.Data.Entity.Core.Objects.ObjectQuery`1.<System.Collections.Generic.IEnumerable<T>.GetEnumerator>b__0()
   at System.Data.Entity.Internal.LazyEnumerator`1.MoveNext()
   at System.Linq.Enumerable.Single[TSource](IEnumerable`1 source)
   at System.Data.Entity.Core.Objects.ELinq.ObjectQueryProvider.<GetElementFunction>b__3[TResult](IEnumerable`1 sequence)
   at System.Data.Entity.Core.Objects.ELinq.ObjectQueryProvider.ExecuteSingle[TResult](IEnumerable`1 query, Expression queryRoot)
   at System.Data.Entity.Core.Objects.ELinq.ObjectQueryProvider.System.Linq.IQueryProvider.Execute[TResult](Expression expression)
   at System.Data.Entity.Internal.Linq.DbQueryProvider.Execute[TResult](Expression expression)
   at System.Linq.Queryable.Count[TSource](IQueryable`1 source)
   at LAMP.Service.SurveyService.GetUserCompletedSurvey(CompletedSurveyRequest request) in e:\Working Folder\LAMP\Source\LAMP.Service\API\Concrete\SurveyService.cs:line 98
----------


2017-05-05 16:57:20,013 [7] LAMP.Utility.LogUtil.Debug(e:\Working Folder\LAMP\Source\LAMP.Utility\LogManager.cs:75) - SignIn : depay@lamp.com In time: 05-05-2017 11:27:19

2017-05-05 16:58:30,940 [8] LAMP.Utility.LogUtil.Error(e:\Working Folder\LAMP\Source\LAMP.Utility\LogManager.cs:127) - Nullable object must have a value.
----------
System.InvalidOperationException: Nullable object must have a value.
   at System.ThrowHelper.ThrowInvalidOperationException(ExceptionResource resource)
   at System.Nullable`1.get_Value()
   at LAMP.Service.UserService.UserSignIn(UserSignInRequest request) in e:\Working Folder\LAMP\Source\LAMP.Service\API\Concrete\UserService.cs:line 121
----------


2017-05-05 16:58:30,945 [9] LAMP.Utility.LogUtil.Debug(e:\Working Folder\LAMP\Source\LAMP.Utility\LogManager.cs:75) - SignIn : depay@lamp.com Out time: 05-05-2017 11:28:30

2017-05-05 16:58:40,756 [9] LAMP.Utility.LogUtil.Debug(e:\Working Folder\LAMP\Source\LAMP.Utility\LogManager.cs:75) - SignIn : depay@lamp.com In time: 05-05-2017 11:28:40

2017-05-05 17:00:35,042 [7] LAMP.Utility.LogUtil.Debug(e:\Working Folder\LAMP\Source\LAMP.Utility\LogManager.cs:75) - SignIn : depay@lamp.com In time: 05-05-2017 11:30:34

2017-05-05 17:02:38,050 [7] LAMP.Utility.LogUtil.Debug(e:\Working Folder\LAMP\Source\LAMP.Utility\LogManager.cs:75) - SignIn : depay@lamp.com In time: 05-05-2017 11:32:37

2017-05-05 17:04:00,190 [7] LAMP.Utility.LogUtil.Debug(e:\Working Folder\LAMP\Source\LAMP.Utility\LogManager.cs:75) - SignIn : depay@lamp.com In time: 05-05-2017 11:34:00

2017-05-05 17:06:23,639 [7] LAMP.Utility.LogUtil.Debug(e:\Working Folder\LAMP\Source\LAMP.Utility\LogManager.cs:75) - SignIn : depay@lamp.com In time: 05-05-2017 11:36:23

2017-05-05 17:06:24,431 [7] LAMP.Utility.LogUtil.Debug(e:\Working Folder\LAMP\Source\LAMP.Utility\LogManager.cs:75) - SignIn : depay@lamp.com Out time: 05-05-2017 11:36:24

2017-05-12 13:11:22,485 [16] LAMP.Utility.LogUtil.Debug(e:\Working Folder\LAMP\Source\LAMP.Utility\LogManager.cs:75) - SignIn : depay@lamp.com In time: 05-12-2017 07:41:22

2017-05-12 13:11:23,460 [16] LAMP.Utility.LogUtil.Debug(e:\Working Folder\LAMP\Source\LAMP.Utility\LogManager.cs:75) - SignIn : depay@lamp.com Out time: 05-12-2017 07:41:23

2017-05-12 13:17:13,819 [25] LAMP.Utility.LogUtil.Debug(e:\Working Folder\LAMP\Source\LAMP.Utility\LogManager.cs:75) - SignIn : depay@lamp.com In time: 05-12-2017 07:47:13

2017-05-12 13:17:13,925 [24] LAMP.Utility.LogUtil.Debug(e:\Working Folder\LAMP\Source\LAMP.Utility\LogManager.cs:75) - SignIn : depay@lamp.com Out time: 05-12-2017 07:47:13

2017-05-12 13:17:36,943 [24] LAMP.Utility.LogUtil.Debug(e:\Working Folder\LAMP\Source\LAMP.Utility\LogManager.cs:75) - SignIn : depay@lamp.com In time: 05-12-2017 07:47:36

2017-05-12 13:19:30,590 [24] LAMP.Utility.LogUtil.Debug(e:\Working Folder\LAMP\Source\LAMP.Utility\LogManager.cs:75) - SignIn : depay@lamp.com Out time: 05-12-2017 07:49:30

2017-05-12 13:20:04,733 [27] LAMP.Utility.LogUtil.Debug(e:\Working Folder\LAMP\Source\LAMP.Utility\LogManager.cs:75) - SignIn : depay@lamp.com In time: 05-12-2017 07:50:04

2017-05-12 13:22:17,663 [27] LAMP.Utility.LogUtil.Debug(e:\Working Folder\LAMP\Source\LAMP.Utility\LogManager.cs:75) - SignIn : depay@lamp.com Out time: 05-12-2017 07:52:17

2017-05-12 13:25:51,318 [6] LAMP.Utility.LogUtil.Debug(e:\Working Folder\LAMP\Source\LAMP.Utility\LogManager.cs:75) - SignIn : depay@lamp.com In time: 05-12-2017 07:55:51

2017-05-12 13:25:56,504 [6] LAMP.Utility.LogUtil.Debug(e:\Working Folder\LAMP\Source\LAMP.Utility\LogManager.cs:75) - SignIn : depay@lamp.com Out time: 05-12-2017 07:55:56

2017-06-06 12:36:49,583 [7] LAMP.Utility.LogUtil.Error(e:\Working Folder\LAMP\Source\LAMP.Utility\LogManager.cs:127) - An error occurred while updating the entries. See the inner exception for details.
----------
System.Data.Entity.Infrastructure.DbUpdateException: An error occurred while updating the entries. See the inner exception for details. ---> System.Data.Entity.Core.UpdateException: An error occurred while updating the entries. See the inner exception for details. ---> System.Data.SqlClient.SqlException: Invalid column name 'PrefferedSurveys'.
Invalid column name 'PrefferedCognitions'.
   at System.Data.SqlClient.SqlConnection.OnError(SqlException exception, Boolean breakConnection, Action`1 wrapCloseInAction)
   at System.Data.SqlClient.SqlInternalConnection.OnError(SqlException exception, Boolean breakConnection, Action`1 wrapCloseInAction)
   at System.Data.SqlClient.TdsParser.ThrowExceptionAndWarning(TdsParserStateObject stateObj, Boolean callerHasConnectionLock, Boolean asyncClose)
   at System.Data.SqlClient.TdsParser.TryRun(RunBehavior runBehavior, SqlCommand cmdHandler, SqlDataReader dataStream, BulkCopySimpleResultSet bulkCopyHandler, TdsParserStateObject stateObj, Boolean& dataReady)
   at System.Data.SqlClient.SqlDataReader.TryConsumeMetaData()
   at System.Data.SqlClient.SqlDataReader.get_MetaData()
   at System.Data.SqlClient.SqlCommand.FinishExecuteReader(SqlDataReader ds, RunBehavior runBehavior, String resetOptionsString)
   at System.Data.SqlClient.SqlCommand.RunExecuteReaderTds(CommandBehavior cmdBehavior, RunBehavior runBehavior, Boolean returnStream, Boolean async, Int32 timeout, Task& task, Boolean asyncWrite, SqlDataReader ds)
   at System.Data.SqlClient.SqlCommand.RunExecuteReader(CommandBehavior cmdBehavior, RunBehavior runBehavior, Boolean returnStream, String method, TaskCompletionSource`1 completion, Int32 timeout, Task& task, Boolean asyncWrite)
   at System.Data.SqlClient.SqlCommand.RunExecuteReader(CommandBehavior cmdBehavior, RunBehavior runBehavior, Boolean returnStream, String method)
   at System.Data.SqlClient.SqlCommand.ExecuteReader(CommandBehavior behavior, String method)
   at System.Data.SqlClient.SqlCommand.ExecuteDbDataReader(CommandBehavior behavior)
   at System.Data.Common.DbCommand.ExecuteReader(CommandBehavior behavior)
   at System.Data.Entity.Infrastructure.Interception.DbCommandDispatcher.<Reader>b__c(DbCommand t, DbCommandInterceptionContext`1 c)
   at System.Data.Entity.Infrastructure.Interception.InternalDispatcher`1.Dispatch[TTarget,TInterceptionContext,TResult](TTarget target, Func`3 operation, TInterceptionContext interceptionContext, Action`3 executing, Action`3 executed)
   at System.Data.Entity.Infrastructure.Interception.DbCommandDispatcher.Reader(DbCommand command, DbCommandInterceptionContext interceptionContext)
   at System.Data.Entity.Internal.InterceptableDbCommand.ExecuteDbDataReader(CommandBehavior behavior)
   at System.Data.Common.DbCommand.ExecuteReader(CommandBehavior behavior)
   at System.Data.Entity.Core.Mapping.Update.Internal.DynamicUpdateCommand.Execute(Dictionary`2 identifierValues, List`1 generatedValues)
   at System.Data.Entity.Core.Mapping.Update.Internal.UpdateTranslator.Update()
   --- End of inner exception stack trace ---
   at System.Data.Entity.Core.Mapping.Update.Internal.UpdateTranslator.Update()
   at System.Data.Entity.Core.EntityClient.Internal.EntityAdapter.<Update>b__2(UpdateTranslator ut)
   at System.Data.Entity.Core.EntityClient.Internal.EntityAdapter.Update[T](T noChangesResult, Func`2 updateFunction)
   at System.Data.Entity.Core.EntityClient.Internal.EntityAdapter.Update()
   at System.Data.Entity.Core.Objects.ObjectContext.<SaveChangesToStore>b__35()
   at System.Data.Entity.Core.Objects.ObjectContext.ExecuteInTransaction[T](Func`1 func, IDbExecutionStrategy executionStrategy, Boolean startLocalTransaction, Boolean releaseConnectionOnSuccess)
   at System.Data.Entity.Core.Objects.ObjectContext.SaveChangesToStore(SaveOptions options, IDbExecutionStrategy executionStrategy, Boolean startLocalTransaction)
   at System.Data.Entity.Core.Objects.ObjectContext.<>c__DisplayClass2a.<SaveChangesInternal>b__27()
   at System.Data.Entity.SqlServer.DefaultSqlExecutionStrategy.Execute[TResult](Func`1 operation)
   at System.Data.Entity.Core.Objects.ObjectContext.SaveChangesInternal(SaveOptions options, Boolean executeInExistingTransaction)
   at System.Data.Entity.Core.Objects.ObjectContext.SaveChanges(SaveOptions options)
   at System.Data.Entity.Internal.InternalContext.SaveChanges()
   --- End of inner exception stack trace ---
   at System.Data.Entity.Internal.InternalContext.SaveChanges()
   at System.Data.Entity.Internal.LazyInternalContext.SaveChanges()
   at System.Data.Entity.DbContext.SaveChanges()
   at LAMP.DataAccess.UnitOfWork.Commit() in e:\Working Folder\LAMP\Source\LAMP.DataAccess\Concrete\UnitOfWork.cs:line 153
   at LAMP.Service.UserService.SaveUserSetting(Int64 settingId, UserSettingRequest request) in e:\Working Folder\LAMP\Source\LAMP.Service\API\Concrete\UserService.cs:line 401
----------


2017-06-06 12:36:49,710 [7] LAMP.Utility.LogUtil.Error(e:\Working Folder\LAMP\Source\LAMP.Utility\LogManager.cs:127) - An error occurred while updating the entries. See the inner exception for details.
----------
System.Data.Entity.Infrastructure.DbUpdateException: An error occurred while updating the entries. See the inner exception for details. ---> System.Data.Entity.Core.UpdateException: An error occurred while updating the entries. See the inner exception for details. ---> System.Data.SqlClient.SqlException: Invalid column name 'PrefferedSurveys'.
Invalid column name 'PrefferedCognitions'.
   at System.Data.SqlClient.SqlConnection.OnError(SqlException exception, Boolean breakConnection, Action`1 wrapCloseInAction)
   at System.Data.SqlClient.SqlInternalConnection.OnError(SqlException exception, Boolean breakConnection, Action`1 wrapCloseInAction)
   at System.Data.SqlClient.TdsParser.ThrowExceptionAndWarning(TdsParserStateObject stateObj, Boolean callerHasConnectionLock, Boolean asyncClose)
   at System.Data.SqlClient.TdsParser.TryRun(RunBehavior runBehavior, SqlCommand cmdHandler, SqlDataReader dataStream, BulkCopySimpleResultSet bulkCopyHandler, TdsParserStateObject stateObj, Boolean& dataReady)
   at System.Data.SqlClient.SqlDataReader.TryConsumeMetaData()
   at System.Data.SqlClient.SqlDataReader.get_MetaData()
   at System.Data.SqlClient.SqlCommand.FinishExecuteReader(SqlDataReader ds, RunBehavior runBehavior, String resetOptionsString)
   at System.Data.SqlClient.SqlCommand.RunExecuteReaderTds(CommandBehavior cmdBehavior, RunBehavior runBehavior, Boolean returnStream, Boolean async, Int32 timeout, Task& task, Boolean asyncWrite, SqlDataReader ds)
   at System.Data.SqlClient.SqlCommand.RunExecuteReader(CommandBehavior cmdBehavior, RunBehavior runBehavior, Boolean returnStream, String method, TaskCompletionSource`1 completion, Int32 timeout, Task& task, Boolean asyncWrite)
   at System.Data.SqlClient.SqlCommand.RunExecuteReader(CommandBehavior cmdBehavior, RunBehavior runBehavior, Boolean returnStream, String method)
   at System.Data.SqlClient.SqlCommand.ExecuteReader(CommandBehavior behavior, String method)
   at System.Data.SqlClient.SqlCommand.ExecuteDbDataReader(CommandBehavior behavior)
   at System.Data.Common.DbCommand.ExecuteReader(CommandBehavior behavior)
   at System.Data.Entity.Infrastructure.Interception.DbCommandDispatcher.<Reader>b__c(DbCommand t, DbCommandInterceptionContext`1 c)
   at System.Data.Entity.Infrastructure.Interception.InternalDispatcher`1.Dispatch[TTarget,TInterceptionContext,TResult](TTarget target, Func`3 operation, TInterceptionContext interceptionContext, Action`3 executing, Action`3 executed)
   at System.Data.Entity.Infrastructure.Interception.DbCommandDispatcher.Reader(DbCommand command, DbCommandInterceptionContext interceptionContext)
   at System.Data.Entity.Internal.InterceptableDbCommand.ExecuteDbDataReader(CommandBehavior behavior)
   at System.Data.Common.DbCommand.ExecuteReader(CommandBehavior behavior)
   at System.Data.Entity.Core.Mapping.Update.Internal.DynamicUpdateCommand.Execute(Dictionary`2 identifierValues, List`1 generatedValues)
   at System.Data.Entity.Core.Mapping.Update.Internal.UpdateTranslator.Update()
   --- End of inner exception stack trace ---
   at System.Data.Entity.Core.Mapping.Update.Internal.UpdateTranslator.Update()
   at System.Data.Entity.Core.EntityClient.Internal.EntityAdapter.<Update>b__2(UpdateTranslator ut)
   at System.Data.Entity.Core.EntityClient.Internal.EntityAdapter.Update[T](T noChangesResult, Func`2 updateFunction)
   at System.Data.Entity.Core.EntityClient.Internal.EntityAdapter.Update()
   at System.Data.Entity.Core.Objects.ObjectContext.<SaveChangesToStore>b__35()
   at System.Data.Entity.Core.Objects.ObjectContext.ExecuteInTransaction[T](Func`1 func, IDbExecutionStrategy executionStrategy, Boolean startLocalTransaction, Boolean releaseConnectionOnSuccess)
   at System.Data.Entity.Core.Objects.ObjectContext.SaveChangesToStore(SaveOptions options, IDbExecutionStrategy executionStrategy, Boolean startLocalTransaction)
   at System.Data.Entity.Core.Objects.ObjectContext.<>c__DisplayClass2a.<SaveChangesInternal>b__27()
   at System.Data.Entity.SqlServer.DefaultSqlExecutionStrategy.Execute[TResult](Func`1 operation)
   at System.Data.Entity.Core.Objects.ObjectContext.SaveChangesInternal(SaveOptions options, Boolean executeInExistingTransaction)
   at System.Data.Entity.Core.Objects.ObjectContext.SaveChanges(SaveOptions options)
   at System.Data.Entity.Internal.InternalContext.SaveChanges()
   --- End of inner exception stack trace ---
   at System.Data.Entity.Internal.InternalContext.SaveChanges()
   at System.Data.Entity.Internal.LazyInternalContext.SaveChanges()
   at System.Data.Entity.DbContext.SaveChanges()
   at LAMP.DataAccess.UnitOfWork.Commit() in e:\Working Folder\LAMP\Source\LAMP.DataAccess\Concrete\UnitOfWork.cs:line 153
   at LAMP.Service.UserService.GuestUserSignUp(GuestUserSignUpRequest request) in e:\Working Folder\LAMP\Source\LAMP.Service\API\Concrete\UserService.cs:line 329
----------


2017-06-06 12:37:16,947 [7] LAMP.Utility.LogUtil.Error(e:\Working Folder\LAMP\Source\LAMP.Utility\LogManager.cs:127) - An error occurred while updating the entries. See the inner exception for details.
----------
System.Data.Entity.Infrastructure.DbUpdateException: An error occurred while updating the entries. See the inner exception for details. ---> System.Data.Entity.Core.UpdateException: An error occurred while updating the entries. See the inner exception for details. ---> System.Data.SqlClient.SqlException: Invalid column name 'PrefferedSurveys'.
Invalid column name 'PrefferedCognitions'.
   at System.Data.SqlClient.SqlConnection.OnError(SqlException exception, Boolean breakConnection, Action`1 wrapCloseInAction)
   at System.Data.SqlClient.SqlInternalConnection.OnError(SqlException exception, Boolean breakConnection, Action`1 wrapCloseInAction)
   at System.Data.SqlClient.TdsParser.ThrowExceptionAndWarning(TdsParserStateObject stateObj, Boolean callerHasConnectionLock, Boolean asyncClose)
   at System.Data.SqlClient.TdsParser.TryRun(RunBehavior runBehavior, SqlCommand cmdHandler, SqlDataReader dataStream, BulkCopySimpleResultSet bulkCopyHandler, TdsParserStateObject stateObj, Boolean& dataReady)
   at System.Data.SqlClient.SqlDataReader.TryConsumeMetaData()
   at System.Data.SqlClient.SqlDataReader.get_MetaData()
   at System.Data.SqlClient.SqlCommand.FinishExecuteReader(SqlDataReader ds, RunBehavior runBehavior, String resetOptionsString)
   at System.Data.SqlClient.SqlCommand.RunExecuteReaderTds(CommandBehavior cmdBehavior, RunBehavior runBehavior, Boolean returnStream, Boolean async, Int32 timeout, Task& task, Boolean asyncWrite, SqlDataReader ds)
   at System.Data.SqlClient.SqlCommand.RunExecuteReader(CommandBehavior cmdBehavior, RunBehavior runBehavior, Boolean returnStream, String method, TaskCompletionSource`1 completion, Int32 timeout, Task& task, Boolean asyncWrite)
   at System.Data.SqlClient.SqlCommand.RunExecuteReader(CommandBehavior cmdBehavior, RunBehavior runBehavior, Boolean returnStream, String method)
   at System.Data.SqlClient.SqlCommand.ExecuteReader(CommandBehavior behavior, String method)
   at System.Data.SqlClient.SqlCommand.ExecuteDbDataReader(CommandBehavior behavior)
   at System.Data.Common.DbCommand.ExecuteReader(CommandBehavior behavior)
   at System.Data.Entity.Infrastructure.Interception.DbCommandDispatcher.<Reader>b__c(DbCommand t, DbCommandInterceptionContext`1 c)
   at System.Data.Entity.Infrastructure.Interception.InternalDispatcher`1.Dispatch[TTarget,TInterceptionContext,TResult](TTarget target, Func`3 operation, TInterceptionContext interceptionContext, Action`3 executing, Action`3 executed)
   at System.Data.Entity.Infrastructure.Interception.DbCommandDispatcher.Reader(DbCommand command, DbCommandInterceptionContext interceptionContext)
   at System.Data.Entity.Internal.InterceptableDbCommand.ExecuteDbDataReader(CommandBehavior behavior)
   at System.Data.Common.DbCommand.ExecuteReader(CommandBehavior behavior)
   at System.Data.Entity.Core.Mapping.Update.Internal.DynamicUpdateCommand.Execute(Dictionary`2 identifierValues, List`1 generatedValues)
   at System.Data.Entity.Core.Mapping.Update.Internal.UpdateTranslator.Update()
   --- End of inner exception stack trace ---
   at System.Data.Entity.Core.Mapping.Update.Internal.UpdateTranslator.Update()
   at System.Data.Entity.Core.EntityClient.Internal.EntityAdapter.<Update>b__2(UpdateTranslator ut)
   at System.Data.Entity.Core.EntityClient.Internal.EntityAdapter.Update[T](T noChangesResult, Func`2 updateFunction)
   at System.Data.Entity.Core.EntityClient.Internal.EntityAdapter.Update()
   at System.Data.Entity.Core.Objects.ObjectContext.<SaveChangesToStore>b__35()
   at System.Data.Entity.Core.Objects.ObjectContext.ExecuteInTransaction[T](Func`1 func, IDbExecutionStrategy executionStrategy, Boolean startLocalTransaction, Boolean releaseConnectionOnSuccess)
   at System.Data.Entity.Core.Objects.ObjectContext.SaveChangesToStore(SaveOptions options, IDbExecutionStrategy executionStrategy, Boolean startLocalTransaction)
   at System.Data.Entity.Core.Objects.ObjectContext.<>c__DisplayClass2a.<SaveChangesInternal>b__27()
   at System.Data.Entity.SqlServer.DefaultSqlExecutionStrategy.Execute[TResult](Func`1 operation)
   at System.Data.Entity.Core.Objects.ObjectContext.SaveChangesInternal(SaveOptions options, Boolean executeInExistingTransaction)
   at System.Data.Entity.Core.Objects.ObjectContext.SaveChanges(SaveOptions options)
   at System.Data.Entity.Internal.InternalContext.SaveChanges()
   --- End of inner exception stack trace ---
   at System.Data.Entity.Internal.InternalContext.SaveChanges()
   at System.Data.Entity.Internal.LazyInternalContext.SaveChanges()
   at System.Data.Entity.DbContext.SaveChanges()
   at LAMP.DataAccess.UnitOfWork.Commit() in e:\Working Folder\LAMP\Source\LAMP.DataAccess\Concrete\UnitOfWork.cs:line 153
   at LAMP.Service.UserService.SaveUserSetting(Int64 settingId, UserSettingRequest request) in e:\Working Folder\LAMP\Source\LAMP.Service\API\Concrete\UserService.cs:line 401
----------


2017-06-06 12:37:17,019 [7] LAMP.Utility.LogUtil.Error(e:\Working Folder\LAMP\Source\LAMP.Utility\LogManager.cs:127) - An error occurred while updating the entries. See the inner exception for details.
----------
System.Data.Entity.Infrastructure.DbUpdateException: An error occurred while updating the entries. See the inner exception for details. ---> System.Data.Entity.Core.UpdateException: An error occurred while updating the entries. See the inner exception for details. ---> System.Data.SqlClient.SqlException: Invalid column name 'PrefferedSurveys'.
Invalid column name 'PrefferedCognitions'.
   at System.Data.SqlClient.SqlConnection.OnError(SqlException exception, Boolean breakConnection, Action`1 wrapCloseInAction)
   at System.Data.SqlClient.SqlInternalConnection.OnError(SqlException exception, Boolean breakConnection, Action`1 wrapCloseInAction)
   at System.Data.SqlClient.TdsParser.ThrowExceptionAndWarning(TdsParserStateObject stateObj, Boolean callerHasConnectionLock, Boolean asyncClose)
   at System.Data.SqlClient.TdsParser.TryRun(RunBehavior runBehavior, SqlCommand cmdHandler, SqlDataReader dataStream, BulkCopySimpleResultSet bulkCopyHandler, TdsParserStateObject stateObj, Boolean& dataReady)
   at System.Data.SqlClient.SqlDataReader.TryConsumeMetaData()
   at System.Data.SqlClient.SqlDataReader.get_MetaData()
   at System.Data.SqlClient.SqlCommand.FinishExecuteReader(SqlDataReader ds, RunBehavior runBehavior, String resetOptionsString)
   at System.Data.SqlClient.SqlCommand.RunExecuteReaderTds(CommandBehavior cmdBehavior, RunBehavior runBehavior, Boolean returnStream, Boolean async, Int32 timeout, Task& task, Boolean asyncWrite, SqlDataReader ds)
   at System.Data.SqlClient.SqlCommand.RunExecuteReader(CommandBehavior cmdBehavior, RunBehavior runBehavior, Boolean returnStream, String method, TaskCompletionSource`1 completion, Int32 timeout, Task& task, Boolean asyncWrite)
   at System.Data.SqlClient.SqlCommand.RunExecuteReader(CommandBehavior cmdBehavior, RunBehavior runBehavior, Boolean returnStream, String method)
   at System.Data.SqlClient.SqlCommand.ExecuteReader(CommandBehavior behavior, String method)
   at System.Data.SqlClient.SqlCommand.ExecuteDbDataReader(CommandBehavior behavior)
   at System.Data.Common.DbCommand.ExecuteReader(CommandBehavior behavior)
   at System.Data.Entity.Infrastructure.Interception.DbCommandDispatcher.<Reader>b__c(DbCommand t, DbCommandInterceptionContext`1 c)
   at System.Data.Entity.Infrastructure.Interception.InternalDispatcher`1.Dispatch[TTarget,TInterceptionContext,TResult](TTarget target, Func`3 operation, TInterceptionContext interceptionContext, Action`3 executing, Action`3 executed)
   at System.Data.Entity.Infrastructure.Interception.DbCommandDispatcher.Reader(DbCommand command, DbCommandInterceptionContext interceptionContext)
   at System.Data.Entity.Internal.InterceptableDbCommand.ExecuteDbDataReader(CommandBehavior behavior)
   at System.Data.Common.DbCommand.ExecuteReader(CommandBehavior behavior)
   at System.Data.Entity.Core.Mapping.Update.Internal.DynamicUpdateCommand.Execute(Dictionary`2 identifierValues, List`1 generatedValues)
   at System.Data.Entity.Core.Mapping.Update.Internal.UpdateTranslator.Update()
   --- End of inner exception stack trace ---
   at System.Data.Entity.Core.Mapping.Update.Internal.UpdateTranslator.Update()
   at System.Data.Entity.Core.EntityClient.Internal.EntityAdapter.<Update>b__2(UpdateTranslator ut)
   at System.Data.Entity.Core.EntityClient.Internal.EntityAdapter.Update[T](T noChangesResult, Func`2 updateFunction)
   at System.Data.Entity.Core.EntityClient.Internal.EntityAdapter.Update()
   at System.Data.Entity.Core.Objects.ObjectContext.<SaveChangesToStore>b__35()
   at System.Data.Entity.Core.Objects.ObjectContext.ExecuteInTransaction[T](Func`1 func, IDbExecutionStrategy executionStrategy, Boolean startLocalTransaction, Boolean releaseConnectionOnSuccess)
   at System.Data.Entity.Core.Objects.ObjectContext.SaveChangesToStore(SaveOptions options, IDbExecutionStrategy executionStrategy, Boolean startLocalTransaction)
   at System.Data.Entity.Core.Objects.ObjectContext.<>c__DisplayClass2a.<SaveChangesInternal>b__27()
   at System.Data.Entity.SqlServer.DefaultSqlExecutionStrategy.Execute[TResult](Func`1 operation)
   at System.Data.Entity.Core.Objects.ObjectContext.SaveChangesInternal(SaveOptions options, Boolean executeInExistingTransaction)
   at System.Data.Entity.Core.Objects.ObjectContext.SaveChanges(SaveOptions options)
   at System.Data.Entity.Internal.InternalContext.SaveChanges()
   --- End of inner exception stack trace ---
   at System.Data.Entity.Internal.InternalContext.SaveChanges()
   at System.Data.Entity.Internal.LazyInternalContext.SaveChanges()
   at System.Data.Entity.DbContext.SaveChanges()
   at LAMP.DataAccess.UnitOfWork.Commit() in e:\Working Folder\LAMP\Source\LAMP.DataAccess\Concrete\UnitOfWork.cs:line 153
   at LAMP.Service.UserService.GuestUserSignUp(GuestUserSignUpRequest request) in e:\Working Folder\LAMP\Source\LAMP.Service\API\Concrete\UserService.cs:line 329
----------


2017-06-06 12:38:23,626 [6] LAMP.Utility.LogUtil.Error(e:\Working Folder\LAMP\Source\LAMP.Utility\LogManager.cs:127) - An error occurred while updating the entries. See the inner exception for details.
----------
System.Data.Entity.Infrastructure.DbUpdateException: An error occurred while updating the entries. See the inner exception for details. ---> System.Data.Entity.Core.UpdateException: An error occurred while updating the entries. See the inner exception for details. ---> System.Data.SqlClient.SqlException: Invalid column name 'PrefferedSurveys'.
Invalid column name 'PrefferedCognitions'.
   at System.Data.SqlClient.SqlConnection.OnError(SqlException exception, Boolean breakConnection, Action`1 wrapCloseInAction)
   at System.Data.SqlClient.SqlInternalConnection.OnError(SqlException exception, Boolean breakConnection, Action`1 wrapCloseInAction)
   at System.Data.SqlClient.TdsParser.ThrowExceptionAndWarning(TdsParserStateObject stateObj, Boolean callerHasConnectionLock, Boolean asyncClose)
   at System.Data.SqlClient.TdsParser.TryRun(RunBehavior runBehavior, SqlCommand cmdHandler, SqlDataReader dataStream, BulkCopySimpleResultSet bulkCopyHandler, TdsParserStateObject stateObj, Boolean& dataReady)
   at System.Data.SqlClient.SqlDataReader.TryConsumeMetaData()
   at System.Data.SqlClient.SqlDataReader.get_MetaData()
   at System.Data.SqlClient.SqlCommand.FinishExecuteReader(SqlDataReader ds, RunBehavior runBehavior, String resetOptionsString)
   at System.Data.SqlClient.SqlCommand.RunExecuteReaderTds(CommandBehavior cmdBehavior, RunBehavior runBehavior, Boolean returnStream, Boolean async, Int32 timeout, Task& task, Boolean asyncWrite, SqlDataReader ds)
   at System.Data.SqlClient.SqlCommand.RunExecuteReader(CommandBehavior cmdBehavior, RunBehavior runBehavior, Boolean returnStream, String method, TaskCompletionSource`1 completion, Int32 timeout, Task& task, Boolean asyncWrite)
   at System.Data.SqlClient.SqlCommand.RunExecuteReader(CommandBehavior cmdBehavior, RunBehavior runBehavior, Boolean returnStream, String method)
   at System.Data.SqlClient.SqlCommand.ExecuteReader(CommandBehavior behavior, String method)
   at System.Data.SqlClient.SqlCommand.ExecuteDbDataReader(CommandBehavior behavior)
   at System.Data.Common.DbCommand.ExecuteReader(CommandBehavior behavior)
   at System.Data.Entity.Infrastructure.Interception.DbCommandDispatcher.<Reader>b__c(DbCommand t, DbCommandInterceptionContext`1 c)
   at System.Data.Entity.Infrastructure.Interception.InternalDispatcher`1.Dispatch[TTarget,TInterceptionContext,TResult](TTarget target, Func`3 operation, TInterceptionContext interceptionContext, Action`3 executing, Action`3 executed)
   at System.Data.Entity.Infrastructure.Interception.DbCommandDispatcher.Reader(DbCommand command, DbCommandInterceptionContext interceptionContext)
   at System.Data.Entity.Internal.InterceptableDbCommand.ExecuteDbDataReader(CommandBehavior behavior)
   at System.Data.Common.DbCommand.ExecuteReader(CommandBehavior behavior)
   at System.Data.Entity.Core.Mapping.Update.Internal.DynamicUpdateCommand.Execute(Dictionary`2 identifierValues, List`1 generatedValues)
   at System.Data.Entity.Core.Mapping.Update.Internal.UpdateTranslator.Update()
   --- End of inner exception stack trace ---
   at System.Data.Entity.Core.Mapping.Update.Internal.UpdateTranslator.Update()
   at System.Data.Entity.Core.EntityClient.Internal.EntityAdapter.<Update>b__2(UpdateTranslator ut)
   at System.Data.Entity.Core.EntityClient.Internal.EntityAdapter.Update[T](T noChangesResult, Func`2 updateFunction)
   at System.Data.Entity.Core.EntityClient.Internal.EntityAdapter.Update()
   at System.Data.Entity.Core.Objects.ObjectContext.<SaveChangesToStore>b__35()
   at System.Data.Entity.Core.Objects.ObjectContext.ExecuteInTransaction[T](Func`1 func, IDbExecutionStrategy executionStrategy, Boolean startLocalTransaction, Boolean releaseConnectionOnSuccess)
   at System.Data.Entity.Core.Objects.ObjectContext.SaveChangesToStore(SaveOptions options, IDbExecutionStrategy executionStrategy, Boolean startLocalTransaction)
   at System.Data.Entity.Core.Objects.ObjectContext.<>c__DisplayClass2a.<SaveChangesInternal>b__27()
   at System.Data.Entity.SqlServer.DefaultSqlExecutionStrategy.Execute[TResult](Func`1 operation)
   at System.Data.Entity.Core.Objects.ObjectContext.SaveChangesInternal(SaveOptions options, Boolean executeInExistingTransaction)
   at System.Data.Entity.Core.Objects.ObjectContext.SaveChanges(SaveOptions options)
   at System.Data.Entity.Internal.InternalContext.SaveChanges()
   --- End of inner exception stack trace ---
   at System.Data.Entity.Internal.InternalContext.SaveChanges()
   at System.Data.Entity.Internal.LazyInternalContext.SaveChanges()
   at System.Data.Entity.DbContext.SaveChanges()
   at LAMP.DataAccess.UnitOfWork.Commit() in e:\Working Folder\LAMP\Source\LAMP.DataAccess\Concrete\UnitOfWork.cs:line 153
   at LAMP.Service.UserService.SaveUserSetting(Int64 settingId, UserSettingRequest request) in e:\Working Folder\LAMP\Source\LAMP.Service\API\Concrete\UserService.cs:line 401
----------


2017-06-06 14:18:32,201 [8] LAMP.Utility.LogUtil.Debug(e:\Working Folder\LAMP\Source\LAMP.Utility\LogManager.cs:75) - SignIn : jack1@lamp.com In time: 06-06-2017 08:48:32

2017-06-06 14:20:04,169 [10] LAMP.Utility.LogUtil.Error(e:\Working Folder\LAMP\Source\LAMP.Utility\LogManager.cs:127) - An error occurred while executing the command definition. See the inner exception for details.
----------
System.Data.Entity.Core.EntityCommandExecutionException: An error occurred while executing the command definition. See the inner exception for details. ---> System.Data.SqlClient.SqlException: Invalid column name 'Point'.
   at System.Data.SqlClient.SqlConnection.OnError(SqlException exception, Boolean breakConnection, Action`1 wrapCloseInAction)
   at System.Data.SqlClient.SqlInternalConnection.OnError(SqlException exception, Boolean breakConnection, Action`1 wrapCloseInAction)
   at System.Data.SqlClient.TdsParser.ThrowExceptionAndWarning(TdsParserStateObject stateObj, Boolean callerHasConnectionLock, Boolean asyncClose)
   at System.Data.SqlClient.TdsParser.TryRun(RunBehavior runBehavior, SqlCommand cmdHandler, SqlDataReader dataStream, BulkCopySimpleResultSet bulkCopyHandler, TdsParserStateObject stateObj, Boolean& dataReady)
   at System.Data.SqlClient.SqlDataReader.TryConsumeMetaData()
   at System.Data.SqlClient.SqlDataReader.get_MetaData()
   at System.Data.SqlClient.SqlCommand.FinishExecuteReader(SqlDataReader ds, RunBehavior runBehavior, String resetOptionsString)
   at System.Data.SqlClient.SqlCommand.RunExecuteReaderTds(CommandBehavior cmdBehavior, RunBehavior runBehavior, Boolean returnStream, Boolean async, Int32 timeout, Task& task, Boolean asyncWrite, SqlDataReader ds)
   at System.Data.SqlClient.SqlCommand.RunExecuteReader(CommandBehavior cmdBehavior, RunBehavior runBehavior, Boolean returnStream, String method, TaskCompletionSource`1 completion, Int32 timeout, Task& task, Boolean asyncWrite)
   at System.Data.SqlClient.SqlCommand.RunExecuteReader(CommandBehavior cmdBehavior, RunBehavior runBehavior, Boolean returnStream, String method)
   at System.Data.SqlClient.SqlCommand.ExecuteReader(CommandBehavior behavior, String method)
   at System.Data.SqlClient.SqlCommand.ExecuteDbDataReader(CommandBehavior behavior)
   at System.Data.Common.DbCommand.ExecuteReader(CommandBehavior behavior)
   at System.Data.Entity.Infrastructure.Interception.DbCommandDispatcher.<Reader>b__c(DbCommand t, DbCommandInterceptionContext`1 c)
   at System.Data.Entity.Infrastructure.Interception.InternalDispatcher`1.Dispatch[TTarget,TInterceptionContext,TResult](TTarget target, Func`3 operation, TInterceptionContext interceptionContext, Action`3 executing, Action`3 executed)
   at System.Data.Entity.Infrastructure.Interception.DbCommandDispatcher.Reader(DbCommand command, DbCommandInterceptionContext interceptionContext)
   at System.Data.Entity.Internal.InterceptableDbCommand.ExecuteDbDataReader(CommandBehavior behavior)
   at System.Data.Common.DbCommand.ExecuteReader(CommandBehavior behavior)
   at System.Data.Entity.Core.EntityClient.Internal.EntityCommandDefinition.ExecuteStoreCommands(EntityCommand entityCommand, CommandBehavior behavior)
   --- End of inner exception stack trace ---
   at System.Data.Entity.Core.EntityClient.Internal.EntityCommandDefinition.ExecuteStoreCommands(EntityCommand entityCommand, CommandBehavior behavior)
   at System.Data.Entity.Core.Objects.Internal.ObjectQueryExecutionPlan.Execute[TResultType](ObjectContext context, ObjectParameterCollection parameterValues)
   at System.Data.Entity.Core.Objects.ObjectQuery`1.<>c__DisplayClass7.<GetResults>b__6()
   at System.Data.Entity.Core.Objects.ObjectContext.ExecuteInTransaction[T](Func`1 func, IDbExecutionStrategy executionStrategy, Boolean startLocalTransaction, Boolean releaseConnectionOnSuccess)
   at System.Data.Entity.Core.Objects.ObjectQuery`1.<>c__DisplayClass7.<GetResults>b__5()
   at System.Data.Entity.SqlServer.DefaultSqlExecutionStrategy.Execute[TResult](Func`1 operation)
   at System.Data.Entity.Core.Objects.ObjectQuery`1.GetResults(Nullable`1 forMergeOption)
   at System.Data.Entity.Core.Objects.ObjectQuery`1.<System.Collections.Generic.IEnumerable<T>.GetEnumerator>b__0()
   at System.Data.Entity.Internal.LazyEnumerator`1.MoveNext()
   at System.Linq.Enumerable.Single[TSource](IEnumerable`1 source)
   at System.Data.Entity.Core.Objects.ELinq.ObjectQueryProvider.<GetElementFunction>b__3[TResult](IEnumerable`1 sequence)
   at System.Data.Entity.Core.Objects.ELinq.ObjectQueryProvider.ExecuteSingle[TResult](IEnumerable`1 query, Expression queryRoot)
   at System.Data.Entity.Core.Objects.ELinq.ObjectQueryProvider.System.Linq.IQueryProvider.Execute[TResult](Expression expression)
   at System.Data.Entity.Internal.Linq.DbQueryProvider.Execute[TResult](Expression expression)
   at System.Linq.Queryable.Sum[TSource](IQueryable`1 source, Expression`1 selector)
   at LAMP.Service.UserService.UserSignIn(UserSignInRequest request) in e:\Working Folder\LAMP\Source\LAMP.Service\API\Concrete\UserService.cs:line 119
----------


2017-06-06 14:20:05,120 [13] LAMP.Utility.LogUtil.Debug(e:\Working Folder\LAMP\Source\LAMP.Utility\LogManager.cs:75) - SignIn : jack1@lamp.com Out time: 06-06-2017 08:50:05

2017-06-06 14:20:11,893 [10] LAMP.Utility.LogUtil.Debug(e:\Working Folder\LAMP\Source\LAMP.Utility\LogManager.cs:75) - SignIn : jack1@lamp.com In time: 06-06-2017 08:50:11

2017-06-06 14:44:19,698 [9] LAMP.Utility.LogUtil.Debug(e:\Working Folder\LAMP\Source\LAMP.Utility\LogManager.cs:75) - SignIn : jack1@lamp.com In time: 06-06-2017 09:14:19

2017-06-06 14:45:00,348 [6] LAMP.Utility.LogUtil.Debug(e:\Working Folder\LAMP\Source\LAMP.Utility\LogManager.cs:75) - SignIn : jack1@lamp.com Out time: 06-06-2017 09:15:00

